  1.cpp
d:\ms vs\vc\include\gui.h(105): warning C4018: <: несоответствие типов со знаком и без знака
d:\ms vs\vc\include\gui.h(110): warning C4018: <: несоответствие типов со знаком и без знака
d:\ms vs\vc\include\gui.h(115): warning C4018: <: несоответствие типов со знаком и без знака
fltkd.lib(case.obj) : warning LNK4099: "fltk.pdb" PDB эх эрщфхэ ё "fltkd.lib(case.obj)" шыш эр "c:\users\wlr\documents\visual studio 2015\Projects\12\ex\1\1\Debug\fltk.pdb"; ъюьяюэютър юс·хъЄр т√яюыэ хЄё  ъръ яЁш юЄёєЄёЄтшш юЄырфюўэ√ї фрээ√ї
fltkd.lib(filename_list.obj) : warning LNK4099: "fltk.pdb" PDB эх эрщфхэ ё "fltkd.lib(filename_list.obj)" шыш эр "c:\users\wlr\documents\visual studio 2015\Projects\12\ex\1\1\Debug\fltk.pdb"; ъюьяюэютър юс·хъЄр т√яюыэ хЄё  ъръ яЁш юЄёєЄёЄтшш юЄырфюўэ√ї фрээ√ї
fltkd.lib(filename_match.obj) : warning LNK4099: "fltk.pdb" PDB эх эрщфхэ ё "fltkd.lib(filename_match.obj)" шыш эр "c:\users\wlr\documents\visual studio 2015\Projects\12\ex\1\1\Debug\fltk.pdb"; ъюьяюэютър юс·хъЄр т√яюыэ хЄё  ъръ яЁш юЄёєЄёЄтшш юЄырфюўэ√ї фрээ√ї
fltkd.lib(Fl.obj) : warning LNK4099: "fltk.pdb" PDB эх эрщфхэ ё "fltkd.lib(Fl.obj)" шыш эр "c:\users\wlr\documents\visual studio 2015\Projects\12\ex\1\1\Debug\fltk.pdb"; ъюьяюэютър юс·хъЄр т√яюыэ хЄё  ъръ яЁш юЄёєЄёЄтшш юЄырфюўэ√ї фрээ√ї
fltkd.lib(Fl_abort.obj) : warning LNK4099: "fltk.pdb" PDB эх эрщфхэ ё "fltkd.lib(Fl_abort.obj)" шыш эр "c:\users\wlr\documents\visual studio 2015\Projects\12\ex\1\1\Debug\fltk.pdb"; ъюьяюэютър юс·хъЄр т√яюыэ хЄё  ъръ яЁш юЄёєЄёЄтшш юЄырфюўэ√ї фрээ√ї
fltkd.lib(fl_arc.obj) : warning LNK4099: "fltk.pdb" PDB эх эрщфхэ ё "fltkd.lib(fl_arc.obj)" шыш эр "c:\users\wlr\documents\visual studio 2015\Projects\12\ex\1\1\Debug\fltk.pdb"; ъюьяюэютър юс·хъЄр т√яюыэ хЄё  ъръ яЁш юЄёєЄёЄтшш юЄырфюўэ√ї фрээ√ї
fltkd.lib(fl_arci.obj) : warning LNK4099: "fltk.pdb" PDB эх эрщфхэ ё "fltkd.lib(fl_arci.obj)" шыш эр "c:\users\wlr\documents\visual studio 2015\Projects\12\ex\1\1\Debug\fltk.pdb"; ъюьяюэютър юс·хъЄр т√яюыэ хЄё  ъръ яЁш юЄёєЄёЄтшш юЄырфюўэ√ї фрээ√ї
fltkd.lib(fl_ask.obj) : warning LNK4099: "fltk.pdb" PDB эх эрщфхэ ё "fltkd.lib(fl_ask.obj)" шыш эр "c:\users\wlr\documents\visual studio 2015\Projects\12\ex\1\1\Debug\fltk.pdb"; ъюьяюэютър юс·хъЄр т√яюыэ хЄё  ъръ яЁш юЄёєЄёЄтшш юЄырфюўэ√ї фрээ√ї
fltkd.lib(Fl_Bitmap.obj) : warning LNK4099: "fltk.pdb" PDB эх эрщфхэ ё "fltkd.lib(Fl_Bitmap.obj)" шыш эр "c:\users\wlr\documents\visual studio 2015\Projects\12\ex\1\1\Debug\fltk.pdb"; ъюьяюэютър юс·хъЄр т√яюыэ хЄё  ъръ яЁш юЄёєЄёЄтшш юЄырфюўэ√ї фрээ√ї
fltkd.lib(Fl_Box.obj) : warning LNK4099: "fltk.pdb" PDB эх эрщфхэ ё "fltkd.lib(Fl_Box.obj)" шыш эр "c:\users\wlr\documents\visual studio 2015\Projects\12\ex\1\1\Debug\fltk.pdb"; ъюьяюэютър юс·хъЄр т√яюыэ хЄё  ъръ яЁш юЄёєЄёЄтшш юЄырфюўэ√ї фрээ√ї
fltkd.lib(fl_boxtype.obj) : warning LNK4099: "fltk.pdb" PDB эх эрщфхэ ё "fltkd.lib(fl_boxtype.obj)" шыш эр "c:\users\wlr\documents\visual studio 2015\Projects\12\ex\1\1\Debug\fltk.pdb"; ъюьяюэютър юс·хъЄр т√яюыэ хЄё  ъръ яЁш юЄёєЄёЄтшш юЄырфюўэ√ї фрээ√ї
fltkd.lib(Fl_Button.obj) : warning LNK4099: "fltk.pdb" PDB эх эрщфхэ ё "fltkd.lib(Fl_Button.obj)" шыш эр "c:\users\wlr\documents\visual studio 2015\Projects\12\ex\1\1\Debug\fltk.pdb"; ъюьяюэютър юс·хъЄр т√яюыэ хЄё  ъръ яЁш юЄёєЄёЄтшш юЄырфюўэ√ї фрээ√ї
fltkd.lib(fl_call_main.obj) : warning LNK4099: "fltk.pdb" PDB эх эрщфхэ ё "fltkd.lib(fl_call_main.obj)" шыш эр "c:\users\wlr\documents\visual studio 2015\Projects\12\ex\1\1\Debug\fltk.pdb"; ъюьяюэютър юс·хъЄр т√яюыэ хЄё  ъръ яЁш юЄёєЄёЄтшш юЄырфюўэ√ї фрээ√ї
fltkd.lib(fl_color.obj) : warning LNK4099: "fltk.pdb" PDB эх эрщфхэ ё "fltkd.lib(fl_color.obj)" шыш эр "c:\users\wlr\documents\visual studio 2015\Projects\12\ex\1\1\Debug\fltk.pdb"; ъюьяюэютър юс·хъЄр т√яюыэ хЄё  ъръ яЁш юЄёєЄёЄтшш юЄырфюўэ√ї фрээ√ї
fltkd.lib(Fl_compose.obj) : warning LNK4099: "fltk.pdb" PDB эх эрщфхэ ё "fltkd.lib(Fl_compose.obj)" шыш эр "c:\users\wlr\documents\visual studio 2015\Projects\12\ex\1\1\Debug\fltk.pdb"; ъюьяюэютър юс·хъЄр т√яюыэ хЄё  ъръ яЁш юЄёєЄёЄтшш юЄырфюўэ√ї фрээ√ї
fltkd.lib(fl_cursor.obj) : warning LNK4099: "fltk.pdb" PDB эх эрщфхэ ё "fltkd.lib(fl_cursor.obj)" шыш эр "c:\users\wlr\documents\visual studio 2015\Projects\12\ex\1\1\Debug\fltk.pdb"; ъюьяюэютър юс·хъЄр т√яюыэ хЄё  ъръ яЁш юЄёєЄёЄтшш юЄырфюўэ√ї фрээ√ї
fltkd.lib(fl_curve.obj) : warning LNK4099: "fltk.pdb" PDB эх эрщфхэ ё "fltkd.lib(fl_curve.obj)" шыш эр "c:\users\wlr\documents\visual studio 2015\Projects\12\ex\1\1\Debug\fltk.pdb"; ъюьяюэютър юс·хъЄр т√яюыэ хЄё  ъръ яЁш юЄёєЄёЄтшш юЄырфюўэ√ї фрээ√ї
fltkd.lib(Fl_Device.obj) : warning LNK4099: "fltk.pdb" PDB эх эрщфхэ ё "fltkd.lib(Fl_Device.obj)" шыш эр "c:\users\wlr\documents\visual studio 2015\Projects\12\ex\1\1\Debug\fltk.pdb"; ъюьяюэютър юс·хъЄр т√яюыэ хЄё  ъръ яЁш юЄёєЄёЄтшш юЄырфюўэ√ї фрээ√ї
fltkd.lib(fl_dnd.obj) : warning LNK4099: "fltk.pdb" PDB эх эрщфхэ ё "fltkd.lib(fl_dnd.obj)" шыш эр "c:\users\wlr\documents\visual studio 2015\Projects\12\ex\1\1\Debug\fltk.pdb"; ъюьяюэютър юс·хъЄр т√яюыэ хЄё  ъръ яЁш юЄёєЄёЄтшш юЄырфюўэ√ї фрээ√ї
fltkd.lib(Fl_Double_Window.obj) : warning LNK4099: "fltk.pdb" PDB эх эрщфхэ ё "fltkd.lib(Fl_Double_Window.obj)" шыш эр "c:\users\wlr\documents\visual studio 2015\Projects\12\ex\1\1\Debug\fltk.pdb"; ъюьяюэютър юс·хъЄр т√яюыэ хЄё  ъръ яЁш юЄёєЄёЄтшш юЄырфюўэ√ї фрээ√ї
fltkd.lib(fl_draw.obj) : warning LNK4099: "fltk.pdb" PDB эх эрщфхэ ё "fltkd.lib(fl_draw.obj)" шыш эр "c:\users\wlr\documents\visual studio 2015\Projects\12\ex\1\1\Debug\fltk.pdb"; ъюьяюэютър юс·хъЄр т√яюыэ хЄё  ъръ яЁш юЄёєЄёЄтшш юЄырфюўэ√ї фрээ√ї
fltkd.lib(fl_draw_image.obj) : warning LNK4099: "fltk.pdb" PDB эх эрщфхэ ё "fltkd.lib(fl_draw_image.obj)" шыш эр "c:\users\wlr\documents\visual studio 2015\Projects\12\ex\1\1\Debug\fltk.pdb"; ъюьяюэютър юс·хъЄр т√яюыэ хЄё  ъръ яЁш юЄёєЄёЄтшш юЄырфюўэ√ї фрээ√ї
fltkd.lib(fl_draw_pixmap.obj) : warning LNK4099: "fltk.pdb" PDB эх эрщфхэ ё "fltkd.lib(fl_draw_pixmap.obj)" шыш эр "c:\users\wlr\documents\visual studio 2015\Projects\12\ex\1\1\Debug\fltk.pdb"; ъюьяюэютър юс·хъЄр т√яюыэ хЄё  ъръ яЁш юЄёєЄёЄтшш юЄырфюўэ√ї фрээ√ї
fltkd.lib(fl_font.obj) : warning LNK4099: "fltk.pdb" PDB эх эрщфхэ ё "fltkd.lib(fl_font.obj)" шыш эр "c:\users\wlr\documents\visual studio 2015\Projects\12\ex\1\1\Debug\fltk.pdb"; ъюьяюэютър юс·хъЄр т√яюыэ хЄё  ъръ яЁш юЄёєЄёЄтшш юЄырфюўэ√ї фрээ√ї
fltkd.lib(Fl_get_system_colors.obj) : warning LNK4099: "fltk.pdb" PDB эх эрщфхэ ё "fltkd.lib(Fl_get_system_colors.obj)" шыш эр "c:\users\wlr\documents\visual studio 2015\Projects\12\ex\1\1\Debug\fltk.pdb"; ъюьяюэютър юс·хъЄр т√яюыэ хЄё  ъръ яЁш юЄёєЄёЄтшш юЄырфюўэ√ї фрээ√ї
fltkd.lib(Fl_grab.obj) : warning LNK4099: "fltk.pdb" PDB эх эрщфхэ ё "fltkd.lib(Fl_grab.obj)" шыш эр "c:\users\wlr\documents\visual studio 2015\Projects\12\ex\1\1\Debug\fltk.pdb"; ъюьяюэютър юс·хъЄр т√яюыэ хЄё  ъръ яЁш юЄёєЄёЄтшш юЄырфюўэ√ї фрээ√ї
fltkd.lib(Fl_Group.obj) : warning LNK4099: "fltk.pdb" PDB эх эрщфхэ ё "fltkd.lib(Fl_Group.obj)" шыш эр "c:\users\wlr\documents\visual studio 2015\Projects\12\ex\1\1\Debug\fltk.pdb"; ъюьяюэютър юс·хъЄр т√яюыэ хЄё  ъръ яЁш юЄёєЄёЄтшш юЄырфюўэ√ї фрээ√ї
fltkd.lib(fl_gtk.obj) : warning LNK4099: "fltk.pdb" PDB эх эрщфхэ ё "fltkd.lib(fl_gtk.obj)" шыш эр "c:\users\wlr\documents\visual studio 2015\Projects\12\ex\1\1\Debug\fltk.pdb"; ъюьяюэютър юс·хъЄр т√яюыэ хЄё  ъръ яЁш юЄёєЄёЄтшш юЄырфюўэ√ї фрээ√ї
fltkd.lib(fl_gleam.obj) : warning LNK4099: "fltk.pdb" PDB эх эрщфхэ ё "fltkd.lib(fl_gleam.obj)" шыш эр "c:\users\wlr\documents\visual studio 2015\Projects\12\ex\1\1\Debug\fltk.pdb"; ъюьяюэютър юс·хъЄр т√яюыэ хЄё  ъръ яЁш юЄёєЄёЄтшш юЄырфюўэ√ї фрээ√ї
fltkd.lib(Fl_Image.obj) : warning LNK4099: "fltk.pdb" PDB эх эрщфхэ ё "fltkd.lib(Fl_Image.obj)" шыш эр "c:\users\wlr\documents\visual studio 2015\Projects\12\ex\1\1\Debug\fltk.pdb"; ъюьяюэютър юс·хъЄр т√яюыэ хЄё  ъръ яЁш юЄёєЄёЄтшш юЄырфюўэ√ї фрээ√ї
fltkd.lib(Fl_Input.obj) : warning LNK4099: "fltk.pdb" PDB эх эрщфхэ ё "fltkd.lib(Fl_Input.obj)" шыш эр "c:\users\wlr\documents\visual studio 2015\Projects\12\ex\1\1\Debug\fltk.pdb"; ъюьяюэютър юс·хъЄр т√яюыэ хЄё  ъръ яЁш юЄёєЄёЄтшш юЄырфюўэ√ї фрээ√ї
fltkd.lib(Fl_Input_.obj) : warning LNK4099: "fltk.pdb" PDB эх эрщфхэ ё "fltkd.lib(Fl_Input_.obj)" шыш эр "c:\users\wlr\documents\visual studio 2015\Projects\12\ex\1\1\Debug\fltk.pdb"; ъюьяюэютър юс·хъЄр т√яюыэ хЄё  ъръ яЁш юЄёєЄёЄтшш юЄырфюўэ√ї фрээ√ї
fltkd.lib(fl_labeltype.obj) : warning LNK4099: "fltk.pdb" PDB эх эрщфхэ ё "fltkd.lib(fl_labeltype.obj)" шыш эр "c:\users\wlr\documents\visual studio 2015\Projects\12\ex\1\1\Debug\fltk.pdb"; ъюьяюэютър юс·хъЄр т√яюыэ хЄё  ъръ яЁш юЄёєЄёЄтшш юЄырфюўэ√ї фрээ√ї
fltkd.lib(fl_line_style.obj) : warning LNK4099: "fltk.pdb" PDB эх эрщфхэ ё "fltkd.lib(fl_line_style.obj)" шыш эр "c:\users\wlr\documents\visual studio 2015\Projects\12\ex\1\1\Debug\fltk.pdb"; ъюьяюэютър юс·хъЄр т√яюыэ хЄё  ъръ яЁш юЄёєЄёЄтшш юЄырфюўэ√ї фрээ√ї
fltkd.lib(Fl_lock.obj) : warning LNK4099: "fltk.pdb" PDB эх эрщфхэ ё "fltkd.lib(Fl_lock.obj)" шыш эр "c:\users\wlr\documents\visual studio 2015\Projects\12\ex\1\1\Debug\fltk.pdb"; ъюьяюэютър юс·хъЄр т√яюыэ хЄё  ъръ яЁш юЄёєЄёЄтшш юЄырфюўэ√ї фрээ√ї
fltkd.lib(Fl_Menu.obj) : warning LNK4099: "fltk.pdb" PDB эх эрщфхэ ё "fltkd.lib(Fl_Menu.obj)" шыш эр "c:\users\wlr\documents\visual studio 2015\Projects\12\ex\1\1\Debug\fltk.pdb"; ъюьяюэютър юс·хъЄр т√яюыэ хЄё  ъръ яЁш юЄёєЄёЄтшш юЄырфюўэ√ї фрээ√ї
fltkd.lib(Fl_Menu_.obj) : warning LNK4099: "fltk.pdb" PDB эх эрщфхэ ё "fltkd.lib(Fl_Menu_.obj)" шыш эр "c:\users\wlr\documents\visual studio 2015\Projects\12\ex\1\1\Debug\fltk.pdb"; ъюьяюэютър юс·хъЄр т√яюыэ хЄё  ъръ яЁш юЄёєЄёЄтшш юЄырфюўэ√ї фрээ√ї
fltkd.lib(Fl_Menu_add.obj) : warning LNK4099: "fltk.pdb" PDB эх эрщфхэ ё "fltkd.lib(Fl_Menu_add.obj)" шыш эр "c:\users\wlr\documents\visual studio 2015\Projects\12\ex\1\1\Debug\fltk.pdb"; ъюьяюэютър юс·хъЄр т√яюыэ хЄё  ъръ яЁш юЄёєЄёЄтшш юЄырфюўэ√ї фрээ√ї
fltkd.lib(Fl_Menu_Button.obj) : warning LNK4099: "fltk.pdb" PDB эх эрщфхэ ё "fltkd.lib(Fl_Menu_Button.obj)" шыш эр "c:\users\wlr\documents\visual studio 2015\Projects\12\ex\1\1\Debug\fltk.pdb"; ъюьяюэютър юс·хъЄр т√яюыэ хЄё  ъръ яЁш юЄёєЄёЄтшш юЄырфюўэ√ї фрээ√ї
fltkd.lib(Fl_Menu_Window.obj) : warning LNK4099: "fltk.pdb" PDB эх эрщфхэ ё "fltkd.lib(Fl_Menu_Window.obj)" шыш эр "c:\users\wlr\documents\visual studio 2015\Projects\12\ex\1\1\Debug\fltk.pdb"; ъюьяюэютър юс·хъЄр т√яюыэ хЄё  ъръ яЁш юЄёєЄёЄтшш юЄырфюўэ√ї фрээ√ї
fltkd.lib(Fl_Overlay_Window.obj) : warning LNK4099: "fltk.pdb" PDB эх эрщфхэ ё "fltkd.lib(Fl_Overlay_Window.obj)" шыш эр "c:\users\wlr\documents\visual studio 2015\Projects\12\ex\1\1\Debug\fltk.pdb"; ъюьяюэютър юс·хъЄр т√яюыэ хЄё  ъръ яЁш юЄёєЄёЄтшш юЄырфюўэ√ї фрээ√ї
fltkd.lib(Fl_Pixmap.obj) : warning LNK4099: "fltk.pdb" PDB эх эрщфхэ ё "fltkd.lib(Fl_Pixmap.obj)" шыш эр "c:\users\wlr\documents\visual studio 2015\Projects\12\ex\1\1\Debug\fltk.pdb"; ъюьяюэютър юс·хъЄр т√яюыэ хЄё  ъръ яЁш юЄёєЄёЄтшш юЄырфюўэ√ї фрээ√ї
fltkd.lib(fl_plastic.obj) : warning LNK4099: "fltk.pdb" PDB эх эрщфхэ ё "fltkd.lib(fl_plastic.obj)" шыш эр "c:\users\wlr\documents\visual studio 2015\Projects\12\ex\1\1\Debug\fltk.pdb"; ъюьяюэютър юс·хъЄр т√яюыэ хЄё  ъръ яЁш юЄёєЄёЄтшш юЄырфюўэ√ї фрээ√ї
fltkd.lib(Fl_Preferences.obj) : warning LNK4099: "fltk.pdb" PDB эх эрщфхэ ё "fltkd.lib(Fl_Preferences.obj)" шыш эр "c:\users\wlr\documents\visual studio 2015\Projects\12\ex\1\1\Debug\fltk.pdb"; ъюьяюэютър юс·хъЄр т√яюыэ хЄё  ъръ яЁш юЄёєЄёЄтшш юЄырфюўэ√ї фрээ√ї
fltkd.lib(fl_read_image.obj) : warning LNK4099: "fltk.pdb" PDB эх эрщфхэ ё "fltkd.lib(fl_read_image.obj)" шыш эр "c:\users\wlr\documents\visual studio 2015\Projects\12\ex\1\1\Debug\fltk.pdb"; ъюьяюэютър юс·хъЄр т√яюыэ хЄё  ъръ яЁш юЄёєЄёЄтшш юЄырфюўэ√ї фрээ√ї
fltkd.lib(fl_rect.obj) : warning LNK4099: "fltk.pdb" PDB эх эрщфхэ ё "fltkd.lib(fl_rect.obj)" шыш эр "c:\users\wlr\documents\visual studio 2015\Projects\12\ex\1\1\Debug\fltk.pdb"; ъюьяюэютър юс·хъЄр т√яюыэ хЄё  ъръ яЁш юЄёєЄёЄтшш юЄырфюўэ√ї фрээ√ї
fltkd.lib(Fl_Repeat_Button.obj) : warning LNK4099: "fltk.pdb" PDB эх эрщфхэ ё "fltkd.lib(Fl_Repeat_Button.obj)" шыш эр "c:\users\wlr\documents\visual studio 2015\Projects\12\ex\1\1\Debug\fltk.pdb"; ъюьяюэютър юс·хъЄр т√яюыэ хЄё  ъръ яЁш юЄёєЄёЄтшш юЄырфюўэ√ї фрээ√ї
fltkd.lib(Fl_Return_Button.obj) : warning LNK4099: "fltk.pdb" PDB эх эрщфхэ ё "fltkd.lib(Fl_Return_Button.obj)" шыш эр "c:\users\wlr\documents\visual studio 2015\Projects\12\ex\1\1\Debug\fltk.pdb"; ъюьяюэютър юс·хъЄр т√яюыэ хЄё  ъръ яЁш юЄёєЄёЄтшш юЄырфюўэ√ї фрээ√ї
fltkd.lib(fl_round_box.obj) : warning LNK4099: "fltk.pdb" PDB эх эрщфхэ ё "fltkd.lib(fl_round_box.obj)" шыш эр "c:\users\wlr\documents\visual studio 2015\Projects\12\ex\1\1\Debug\fltk.pdb"; ъюьяюэютър юс·хъЄр т√яюыэ хЄё  ъръ яЁш юЄёєЄёЄтшш юЄырфюўэ√ї фрээ√ї
fltkd.lib(Fl_Shared_Image.obj) : warning LNK4099: "fltk.pdb" PDB эх эрщфхэ ё "fltkd.lib(Fl_Shared_Image.obj)" шыш эр "c:\users\wlr\documents\visual studio 2015\Projects\12\ex\1\1\Debug\fltk.pdb"; ъюьяюэютър юс·хъЄр т√яюыэ хЄё  ъръ яЁш юЄёєЄёЄтшш юЄырфюўэ√ї фрээ√ї
fltkd.lib(fl_shortcut.obj) : warning LNK4099: "fltk.pdb" PDB эх эрщфхэ ё "fltkd.lib(fl_shortcut.obj)" шыш эр "c:\users\wlr\documents\visual studio 2015\Projects\12\ex\1\1\Debug\fltk.pdb"; ъюьяюэютър юс·хъЄр т√яюыэ хЄё  ъръ яЁш юЄёєЄёЄтшш юЄырфюўэ√ї фрээ√ї
fltkd.lib(Fl_Single_Window.obj) : warning LNK4099: "fltk.pdb" PDB эх эрщфхэ ё "fltkd.lib(Fl_Single_Window.obj)" шыш эр "c:\users\wlr\documents\visual studio 2015\Projects\12\ex\1\1\Debug\fltk.pdb"; ъюьяюэютър юс·хъЄр т√яюыэ хЄё  ъръ яЁш юЄёєЄёЄтшш юЄырфюўэ√ї фрээ√ї
fltkd.lib(fl_symbols.obj) : warning LNK4099: "fltk.pdb" PDB эх эрщфхэ ё "fltkd.lib(fl_symbols.obj)" шыш эр "c:\users\wlr\documents\visual studio 2015\Projects\12\ex\1\1\Debug\fltk.pdb"; ъюьяюэютър юс·хъЄр т√яюыэ хЄё  ъръ яЁш юЄёєЄёЄтшш юЄырфюўэ√ї фрээ√ї
fltkd.lib(Fl_Tiled_Image.obj) : warning LNK4099: "fltk.pdb" PDB эх эрщфхэ ё "fltkd.lib(Fl_Tiled_Image.obj)" шыш эр "c:\users\wlr\documents\visual studio 2015\Projects\12\ex\1\1\Debug\fltk.pdb"; ъюьяюэютър юс·хъЄр т√яюыэ хЄё  ъръ яЁш юЄёєЄёЄтшш юЄырфюўэ√ї фрээ√ї
fltkd.lib(Fl_Tooltip.obj) : warning LNK4099: "fltk.pdb" PDB эх эрщфхэ ё "fltkd.lib(Fl_Tooltip.obj)" шыш эр "c:\users\wlr\documents\visual studio 2015\Projects\12\ex\1\1\Debug\fltk.pdb"; ъюьяюэютър юс·хъЄр т√яюыэ хЄё  ъръ яЁш юЄёєЄёЄтшш юЄырфюўэ√ї фрээ√ї
fltkd.lib(fl_utf.obj) : warning LNK4099: "fltk.pdb" PDB эх эрщфхэ ё "fltkd.lib(fl_utf.obj)" шыш эр "c:\users\wlr\documents\visual studio 2015\Projects\12\ex\1\1\Debug\fltk.pdb"; ъюьяюэютър юс·хъЄр т√яюыэ хЄё  ъръ яЁш юЄёєЄёЄтшш юЄырфюўэ√ї фрээ√ї
fltkd.lib(fl_utf8.obj) : warning LNK4099: "fltk.pdb" PDB эх эрщфхэ ё "fltkd.lib(fl_utf8.obj)" шыш эр "c:\users\wlr\documents\visual studio 2015\Projects\12\ex\1\1\Debug\fltk.pdb"; ъюьяюэютър юс·хъЄр т√яюыэ хЄё  ъръ яЁш юЄёєЄёЄтшш юЄырфюўэ√ї фрээ√ї
fltkd.lib(fl_vertex.obj) : warning LNK4099: "fltk.pdb" PDB эх эрщфхэ ё "fltkd.lib(fl_vertex.obj)" шыш эр "c:\users\wlr\documents\visual studio 2015\Projects\12\ex\1\1\Debug\fltk.pdb"; ъюьяюэютър юс·хъЄр т√яюыэ хЄё  ъръ яЁш юЄёєЄёЄтшш юЄырфюўэ√ї фрээ√ї
fltkd.lib(Fl_Widget.obj) : warning LNK4099: "fltk.pdb" PDB эх эрщфхэ ё "fltkd.lib(Fl_Widget.obj)" шыш эр "c:\users\wlr\documents\visual studio 2015\Projects\12\ex\1\1\Debug\fltk.pdb"; ъюьяюэютър юс·хъЄр т√яюыэ хЄё  ъръ яЁш юЄёєЄёЄтшш юЄырфюўэ√ї фрээ√ї
fltkd.lib(Fl_Window.obj) : warning LNK4099: "fltk.pdb" PDB эх эрщфхэ ё "fltkd.lib(Fl_Window.obj)" шыш эр "c:\users\wlr\documents\visual studio 2015\Projects\12\ex\1\1\Debug\fltk.pdb"; ъюьяюэютър юс·хъЄр т√яюыэ хЄё  ъръ яЁш юЄёєЄёЄтшш юЄырфюўэ√ї фрээ√ї
fltkd.lib(Fl_Window_fullscreen.obj) : warning LNK4099: "fltk.pdb" PDB эх эрщфхэ ё "fltkd.lib(Fl_Window_fullscreen.obj)" шыш эр "c:\users\wlr\documents\visual studio 2015\Projects\12\ex\1\1\Debug\fltk.pdb"; ъюьяюэютър юс·хъЄр т√яюыэ хЄё  ъръ яЁш юЄёєЄёЄтшш юЄырфюўэ√ї фрээ√ї
fltkd.lib(Fl_Window_hotspot.obj) : warning LNK4099: "fltk.pdb" PDB эх эрщфхэ ё "fltkd.lib(Fl_Window_hotspot.obj)" шыш эр "c:\users\wlr\documents\visual studio 2015\Projects\12\ex\1\1\Debug\fltk.pdb"; ъюьяюэютър юс·хъЄр т√яюыэ хЄё  ъръ яЁш юЄёєЄёЄтшш юЄырфюўэ√ї фрээ√ї
fltkd.lib(Fl_Window_shape.obj) : warning LNK4099: "fltk.pdb" PDB эх эрщфхэ ё "fltkd.lib(Fl_Window_shape.obj)" шыш эр "c:\users\wlr\documents\visual studio 2015\Projects\12\ex\1\1\Debug\fltk.pdb"; ъюьяюэютър юс·хъЄр т√яюыэ хЄё  ъръ яЁш юЄёєЄёЄтшш юЄырфюўэ√ї фрээ√ї
fltkd.lib(Fl_XBM_Image.obj) : warning LNK4099: "fltk.pdb" PDB эх эрщфхэ ё "fltkd.lib(Fl_XBM_Image.obj)" шыш эр "c:\users\wlr\documents\visual studio 2015\Projects\12\ex\1\1\Debug\fltk.pdb"; ъюьяюэютър юс·хъЄр т√яюыэ хЄё  ъръ яЁш юЄёєЄёЄтшш юЄырфюўэ√ї фрээ√ї
fltkd.lib(Fl_XPM_Image.obj) : warning LNK4099: "fltk.pdb" PDB эх эрщфхэ ё "fltkd.lib(Fl_XPM_Image.obj)" шыш эр "c:\users\wlr\documents\visual studio 2015\Projects\12\ex\1\1\Debug\fltk.pdb"; ъюьяюэютър юс·хъЄр т√яюыэ хЄё  ъръ яЁш юЄёєЄёЄтшш юЄырфюўэ√ї фрээ√ї
fltkd.lib(flstring.obj) : warning LNK4099: "fltk.pdb" PDB эх эрщфхэ ё "fltkd.lib(flstring.obj)" шыш эр "c:\users\wlr\documents\visual studio 2015\Projects\12\ex\1\1\Debug\fltk.pdb"; ъюьяюэютър юс·хъЄр т√яюыэ хЄё  ъръ яЁш юЄёєЄёЄтшш юЄырфюўэ√ї фрээ√ї
fltkd.lib(is_spacing.obj) : warning LNK4099: "fltk.pdb" PDB эх эрщфхэ ё "fltkd.lib(is_spacing.obj)" шыш эр "c:\users\wlr\documents\visual studio 2015\Projects\12\ex\1\1\Debug\fltk.pdb"; ъюьяюэютър юс·хъЄр т√яюыэ хЄё  ъръ яЁш юЄёєЄёЄтшш юЄырфюўэ√ї фрээ√ї
fltkd.lib(numericsort.obj) : warning LNK4099: "fltk.pdb" PDB эх эрщфхэ ё "fltkd.lib(numericsort.obj)" шыш эр "c:\users\wlr\documents\visual studio 2015\Projects\12\ex\1\1\Debug\fltk.pdb"; ъюьяюэютър юс·хъЄр т√яюыэ хЄё  ъръ яЁш юЄёєЄёЄтшш юЄырфюўэ√ї фрээ√ї
fltkd.lib(scandir.obj) : warning LNK4099: "fltk.pdb" PDB эх эрщфхэ ё "fltkd.lib(scandir.obj)" шыш эр "c:\users\wlr\documents\visual studio 2015\Projects\12\ex\1\1\Debug\fltk.pdb"; ъюьяюэютър юс·хъЄр т√яюыэ хЄё  ъръ яЁш юЄёєЄёЄтшш юЄырфюўэ√ї фрээ√ї
fltkd.lib(screen_xywh.obj) : warning LNK4099: "fltk.pdb" PDB эх эрщфхэ ё "fltkd.lib(screen_xywh.obj)" шыш эр "c:\users\wlr\documents\visual studio 2015\Projects\12\ex\1\1\Debug\fltk.pdb"; ъюьяюэютър юс·хъЄр т√яюыэ хЄё  ъръ яЁш юЄёєЄёЄтшш юЄырфюўэ√ї фрээ√ї
fltkd.lib(vsnprintf.obj) : warning LNK4099: "fltk.pdb" PDB эх эрщфхэ ё "fltkd.lib(vsnprintf.obj)" шыш эр "c:\users\wlr\documents\visual studio 2015\Projects\12\ex\1\1\Debug\fltk.pdb"; ъюьяюэютър юс·хъЄр т√яюыэ хЄё  ъръ яЁш юЄёєЄёЄтшш юЄырфюўэ√ї фрээ√ї
fltkjpegd.lib(jcomapi.obj) : warning LNK4099: "fltkjpeg.pdb" PDB эх эрщфхэ ё "fltkjpegd.lib(jcomapi.obj)" шыш эр "c:\users\wlr\documents\visual studio 2015\Projects\12\ex\1\1\Debug\fltkjpeg.pdb"; ъюьяюэютър юс·хъЄр т√яюыэ хЄё  ъръ яЁш юЄёєЄёЄтшш юЄырфюўэ√ї фрээ√ї
fltkjpegd.lib(jaricom.obj) : warning LNK4099: "fltkjpeg.pdb" PDB эх эрщфхэ ё "fltkjpegd.lib(jaricom.obj)" шыш эр "c:\users\wlr\documents\visual studio 2015\Projects\12\ex\1\1\Debug\fltkjpeg.pdb"; ъюьяюэютър юс·хъЄр т√яюыэ хЄё  ъръ яЁш юЄёєЄёЄтшш юЄырфюўэ√ї фрээ√ї
fltkjpegd.lib(jdarith.obj) : warning LNK4099: "fltkjpeg.pdb" PDB эх эрщфхэ ё "fltkjpegd.lib(jdarith.obj)" шыш эр "c:\users\wlr\documents\visual studio 2015\Projects\12\ex\1\1\Debug\fltkjpeg.pdb"; ъюьяюэютър юс·хъЄр т√яюыэ хЄё  ъръ яЁш юЄёєЄёЄтшш юЄырфюўэ√ї фрээ√ї
fltkjpegd.lib(jdapimin.obj) : warning LNK4099: "fltkjpeg.pdb" PDB эх эрщфхэ ё "fltkjpegd.lib(jdapimin.obj)" шыш эр "c:\users\wlr\documents\visual studio 2015\Projects\12\ex\1\1\Debug\fltkjpeg.pdb"; ъюьяюэютър юс·хъЄр т√яюыэ хЄё  ъръ яЁш юЄёєЄёЄтшш юЄырфюўэ√ї фрээ√ї
fltkjpegd.lib(jdapistd.obj) : warning LNK4099: "fltkjpeg.pdb" PDB эх эрщфхэ ё "fltkjpegd.lib(jdapistd.obj)" шыш эр "c:\users\wlr\documents\visual studio 2015\Projects\12\ex\1\1\Debug\fltkjpeg.pdb"; ъюьяюэютър юс·хъЄр т√яюыэ хЄё  ъръ яЁш юЄёєЄёЄтшш юЄырфюўэ√ї фрээ√ї
fltkjpegd.lib(jdatasrc.obj) : warning LNK4099: "fltkjpeg.pdb" PDB эх эрщфхэ ё "fltkjpegd.lib(jdatasrc.obj)" шыш эр "c:\users\wlr\documents\visual studio 2015\Projects\12\ex\1\1\Debug\fltkjpeg.pdb"; ъюьяюэютър юс·хъЄр т√яюыэ хЄё  ъръ яЁш юЄёєЄёЄтшш юЄырфюўэ√ї фрээ√ї
fltkjpegd.lib(jdcoefct.obj) : warning LNK4099: "fltkjpeg.pdb" PDB эх эрщфхэ ё "fltkjpegd.lib(jdcoefct.obj)" шыш эр "c:\users\wlr\documents\visual studio 2015\Projects\12\ex\1\1\Debug\fltkjpeg.pdb"; ъюьяюэютър юс·хъЄр т√яюыэ хЄё  ъръ яЁш юЄёєЄёЄтшш юЄырфюўэ√ї фрээ√ї
fltkjpegd.lib(jdcolor.obj) : warning LNK4099: "fltkjpeg.pdb" PDB эх эрщфхэ ё "fltkjpegd.lib(jdcolor.obj)" шыш эр "c:\users\wlr\documents\visual studio 2015\Projects\12\ex\1\1\Debug\fltkjpeg.pdb"; ъюьяюэютър юс·хъЄр т√яюыэ хЄё  ъръ яЁш юЄёєЄёЄтшш юЄырфюўэ√ї фрээ√ї
fltkjpegd.lib(jddctmgr.obj) : warning LNK4099: "fltkjpeg.pdb" PDB эх эрщфхэ ё "fltkjpegd.lib(jddctmgr.obj)" шыш эр "c:\users\wlr\documents\visual studio 2015\Projects\12\ex\1\1\Debug\fltkjpeg.pdb"; ъюьяюэютър юс·хъЄр т√яюыэ хЄё  ъръ яЁш юЄёєЄёЄтшш юЄырфюўэ√ї фрээ√ї
fltkjpegd.lib(jdhuff.obj) : warning LNK4099: "fltkjpeg.pdb" PDB эх эрщфхэ ё "fltkjpegd.lib(jdhuff.obj)" шыш эр "c:\users\wlr\documents\visual studio 2015\Projects\12\ex\1\1\Debug\fltkjpeg.pdb"; ъюьяюэютър юс·хъЄр т√яюыэ хЄё  ъръ яЁш юЄёєЄёЄтшш юЄырфюўэ√ї фрээ√ї
fltkjpegd.lib(jdinput.obj) : warning LNK4099: "fltkjpeg.pdb" PDB эх эрщфхэ ё "fltkjpegd.lib(jdinput.obj)" шыш эр "c:\users\wlr\documents\visual studio 2015\Projects\12\ex\1\1\Debug\fltkjpeg.pdb"; ъюьяюэютър юс·хъЄр т√яюыэ хЄё  ъръ яЁш юЄёєЄёЄтшш юЄырфюўэ√ї фрээ√ї
fltkjpegd.lib(jdmainct.obj) : warning LNK4099: "fltkjpeg.pdb" PDB эх эрщфхэ ё "fltkjpegd.lib(jdmainct.obj)" шыш эр "c:\users\wlr\documents\visual studio 2015\Projects\12\ex\1\1\Debug\fltkjpeg.pdb"; ъюьяюэютър юс·хъЄр т√яюыэ хЄё  ъръ яЁш юЄёєЄёЄтшш юЄырфюўэ√ї фрээ√ї
fltkjpegd.lib(jdmarker.obj) : warning LNK4099: "fltkjpeg.pdb" PDB эх эрщфхэ ё "fltkjpegd.lib(jdmarker.obj)" шыш эр "c:\users\wlr\documents\visual studio 2015\Projects\12\ex\1\1\Debug\fltkjpeg.pdb"; ъюьяюэютър юс·хъЄр т√яюыэ хЄё  ъръ яЁш юЄёєЄёЄтшш юЄырфюўэ√ї фрээ√ї
fltkjpegd.lib(jdmaster.obj) : warning LNK4099: "fltkjpeg.pdb" PDB эх эрщфхэ ё "fltkjpegd.lib(jdmaster.obj)" шыш эр "c:\users\wlr\documents\visual studio 2015\Projects\12\ex\1\1\Debug\fltkjpeg.pdb"; ъюьяюэютър юс·хъЄр т√яюыэ хЄё  ъръ яЁш юЄёєЄёЄтшш юЄырфюўэ√ї фрээ√ї
fltkjpegd.lib(jdmerge.obj) : warning LNK4099: "fltkjpeg.pdb" PDB эх эрщфхэ ё "fltkjpegd.lib(jdmerge.obj)" шыш эр "c:\users\wlr\documents\visual studio 2015\Projects\12\ex\1\1\Debug\fltkjpeg.pdb"; ъюьяюэютър юс·хъЄр т√яюыэ хЄё  ъръ яЁш юЄёєЄёЄтшш юЄырфюўэ√ї фрээ√ї
fltkjpegd.lib(jdpostct.obj) : warning LNK4099: "fltkjpeg.pdb" PDB эх эрщфхэ ё "fltkjpegd.lib(jdpostct.obj)" шыш эр "c:\users\wlr\documents\visual studio 2015\Projects\12\ex\1\1\Debug\fltkjpeg.pdb"; ъюьяюэютър юс·хъЄр т√яюыэ хЄё  ъръ яЁш юЄёєЄёЄтшш юЄырфюўэ√ї фрээ√ї
fltkjpegd.lib(jdsample.obj) : warning LNK4099: "fltkjpeg.pdb" PDB эх эрщфхэ ё "fltkjpegd.lib(jdsample.obj)" шыш эр "c:\users\wlr\documents\visual studio 2015\Projects\12\ex\1\1\Debug\fltkjpeg.pdb"; ъюьяюэютър юс·хъЄр т√яюыэ хЄё  ъръ яЁш юЄёєЄёЄтшш юЄырфюўэ√ї фрээ√ї
fltkjpegd.lib(jerror.obj) : warning LNK4099: "fltkjpeg.pdb" PDB эх эрщфхэ ё "fltkjpegd.lib(jerror.obj)" шыш эр "c:\users\wlr\documents\visual studio 2015\Projects\12\ex\1\1\Debug\fltkjpeg.pdb"; ъюьяюэютър юс·хъЄр т√яюыэ хЄё  ъръ яЁш юЄёєЄёЄтшш юЄырфюўэ√ї фрээ√ї
fltkjpegd.lib(jidctflt.obj) : warning LNK4099: "fltkjpeg.pdb" PDB эх эрщфхэ ё "fltkjpegd.lib(jidctflt.obj)" шыш эр "c:\users\wlr\documents\visual studio 2015\Projects\12\ex\1\1\Debug\fltkjpeg.pdb"; ъюьяюэютър юс·хъЄр т√яюыэ хЄё  ъръ яЁш юЄёєЄёЄтшш юЄырфюўэ√ї фрээ√ї
fltkjpegd.lib(jidctfst.obj) : warning LNK4099: "fltkjpeg.pdb" PDB эх эрщфхэ ё "fltkjpegd.lib(jidctfst.obj)" шыш эр "c:\users\wlr\documents\visual studio 2015\Projects\12\ex\1\1\Debug\fltkjpeg.pdb"; ъюьяюэютър юс·хъЄр т√яюыэ хЄё  ъръ яЁш юЄёєЄёЄтшш юЄырфюўэ√ї фрээ√ї
fltkjpegd.lib(jidctint.obj) : warning LNK4099: "fltkjpeg.pdb" PDB эх эрщфхэ ё "fltkjpegd.lib(jidctint.obj)" шыш эр "c:\users\wlr\documents\visual studio 2015\Projects\12\ex\1\1\Debug\fltkjpeg.pdb"; ъюьяюэютър юс·хъЄр т√яюыэ хЄё  ъръ яЁш юЄёєЄёЄтшш юЄырфюўэ√ї фрээ√ї
fltkjpegd.lib(jmemmgr.obj) : warning LNK4099: "fltkjpeg.pdb" PDB эх эрщфхэ ё "fltkjpegd.lib(jmemmgr.obj)" шыш эр "c:\users\wlr\documents\visual studio 2015\Projects\12\ex\1\1\Debug\fltkjpeg.pdb"; ъюьяюэютър юс·хъЄр т√яюыэ хЄё  ъръ яЁш юЄёєЄёЄтшш юЄырфюўэ√ї фрээ√ї
fltkjpegd.lib(jmemnobs.obj) : warning LNK4099: "fltkjpeg.pdb" PDB эх эрщфхэ ё "fltkjpegd.lib(jmemnobs.obj)" шыш эр "c:\users\wlr\documents\visual studio 2015\Projects\12\ex\1\1\Debug\fltkjpeg.pdb"; ъюьяюэютър юс·хъЄр т√яюыэ хЄё  ъръ яЁш юЄёєЄёЄтшш юЄырфюўэ√ї фрээ√ї
fltkjpegd.lib(jquant1.obj) : warning LNK4099: "fltkjpeg.pdb" PDB эх эрщфхэ ё "fltkjpegd.lib(jquant1.obj)" шыш эр "c:\users\wlr\documents\visual studio 2015\Projects\12\ex\1\1\Debug\fltkjpeg.pdb"; ъюьяюэютър юс·хъЄр т√яюыэ хЄё  ъръ яЁш юЄёєЄёЄтшш юЄырфюўэ√ї фрээ√ї
fltkjpegd.lib(jquant2.obj) : warning LNK4099: "fltkjpeg.pdb" PDB эх эрщфхэ ё "fltkjpegd.lib(jquant2.obj)" шыш эр "c:\users\wlr\documents\visual studio 2015\Projects\12\ex\1\1\Debug\fltkjpeg.pdb"; ъюьяюэютър юс·хъЄр т√яюыэ хЄё  ъръ яЁш юЄёєЄёЄтшш юЄырфюўэ√ї фрээ√ї
fltkjpegd.lib(jutils.obj) : warning LNK4099: "fltkjpeg.pdb" PDB эх эрщфхэ ё "fltkjpegd.lib(jutils.obj)" шыш эр "c:\users\wlr\documents\visual studio 2015\Projects\12\ex\1\1\Debug\fltkjpeg.pdb"; ъюьяюэютър юс·хъЄр т√яюыэ хЄё  ъръ яЁш юЄёєЄёЄтшш юЄырфюўэ√ї фрээ√ї
fltkimagesd.lib(Fl_GIF_Image.obj) : warning LNK4099: "fltkimages.pdb" PDB эх эрщфхэ ё "fltkimagesd.lib(Fl_GIF_Image.obj)" шыш эр "c:\users\wlr\documents\visual studio 2015\Projects\12\ex\1\1\Debug\fltkimages.pdb"; ъюьяюэютър юс·хъЄр т√яюыэ хЄё  ъръ яЁш юЄёєЄёЄтшш юЄырфюўэ√ї фрээ√ї
fltkimagesd.lib(Fl_JPEG_Image.obj) : warning LNK4099: "fltkimages.pdb" PDB эх эрщфхэ ё "fltkimagesd.lib(Fl_JPEG_Image.obj)" шыш эр "c:\users\wlr\documents\visual studio 2015\Projects\12\ex\1\1\Debug\fltkimages.pdb"; ъюьяюэютър юс·хъЄр т√яюыэ хЄё  ъръ яЁш юЄёєЄёЄтшш юЄырфюўэ√ї фрээ√ї
  1.vcxproj -> c:\users\wlr\documents\visual studio 2015\Projects\12\ex\1\1\Debug\1.exe
  1.vcxproj -> c:\users\wlr\documents\visual studio 2015\Projects\12\ex\1\1\Debug\1.pdb (Full PDB)
