  Source.cpp
d:\ms vs\vc\include\gui.h(105): warning C4018: <: несоответствие типов со знаком и без знака
d:\ms vs\vc\include\gui.h(110): warning C4018: <: несоответствие типов со знаком и без знака
d:\ms vs\vc\include\gui.h(115): warning C4018: <: несоответствие типов со знаком и без знака
fltkd.lib(case.obj) : warning LNK4099: "fltk.pdb" PDB не найден с "fltkd.lib(case.obj)" или на "C:\Users\wLr\Documents\Visual Studio 2015\Projects\13\ex\7\RGB\Debug\fltk.pdb"; компоновка объекта выполняется как при отсутствии отладочных данных
fltkd.lib(filename_list.obj) : warning LNK4099: "fltk.pdb" PDB не найден с "fltkd.lib(filename_list.obj)" или на "C:\Users\wLr\Documents\Visual Studio 2015\Projects\13\ex\7\RGB\Debug\fltk.pdb"; компоновка объекта выполняется как при отсутствии отладочных данных
fltkd.lib(filename_match.obj) : warning LNK4099: "fltk.pdb" PDB не найден с "fltkd.lib(filename_match.obj)" или на "C:\Users\wLr\Documents\Visual Studio 2015\Projects\13\ex\7\RGB\Debug\fltk.pdb"; компоновка объекта выполняется как при отсутствии отладочных данных
fltkd.lib(Fl.obj) : warning LNK4099: "fltk.pdb" PDB не найден с "fltkd.lib(Fl.obj)" или на "C:\Users\wLr\Documents\Visual Studio 2015\Projects\13\ex\7\RGB\Debug\fltk.pdb"; компоновка объекта выполняется как при отсутствии отладочных данных
fltkd.lib(Fl_abort.obj) : warning LNK4099: "fltk.pdb" PDB не найден с "fltkd.lib(Fl_abort.obj)" или на "C:\Users\wLr\Documents\Visual Studio 2015\Projects\13\ex\7\RGB\Debug\fltk.pdb"; компоновка объекта выполняется как при отсутствии отладочных данных
fltkd.lib(fl_arc.obj) : warning LNK4099: "fltk.pdb" PDB не найден с "fltkd.lib(fl_arc.obj)" или на "C:\Users\wLr\Documents\Visual Studio 2015\Projects\13\ex\7\RGB\Debug\fltk.pdb"; компоновка объекта выполняется как при отсутствии отладочных данных
fltkd.lib(fl_arci.obj) : warning LNK4099: "fltk.pdb" PDB не найден с "fltkd.lib(fl_arci.obj)" или на "C:\Users\wLr\Documents\Visual Studio 2015\Projects\13\ex\7\RGB\Debug\fltk.pdb"; компоновка объекта выполняется как при отсутствии отладочных данных
fltkd.lib(fl_ask.obj) : warning LNK4099: "fltk.pdb" PDB не найден с "fltkd.lib(fl_ask.obj)" или на "C:\Users\wLr\Documents\Visual Studio 2015\Projects\13\ex\7\RGB\Debug\fltk.pdb"; компоновка объекта выполняется как при отсутствии отладочных данных
fltkd.lib(Fl_Bitmap.obj) : warning LNK4099: "fltk.pdb" PDB не найден с "fltkd.lib(Fl_Bitmap.obj)" или на "C:\Users\wLr\Documents\Visual Studio 2015\Projects\13\ex\7\RGB\Debug\fltk.pdb"; компоновка объекта выполняется как при отсутствии отладочных данных
fltkd.lib(Fl_Box.obj) : warning LNK4099: "fltk.pdb" PDB не найден с "fltkd.lib(Fl_Box.obj)" или на "C:\Users\wLr\Documents\Visual Studio 2015\Projects\13\ex\7\RGB\Debug\fltk.pdb"; компоновка объекта выполняется как при отсутствии отладочных данных
fltkd.lib(fl_boxtype.obj) : warning LNK4099: "fltk.pdb" PDB не найден с "fltkd.lib(fl_boxtype.obj)" или на "C:\Users\wLr\Documents\Visual Studio 2015\Projects\13\ex\7\RGB\Debug\fltk.pdb"; компоновка объекта выполняется как при отсутствии отладочных данных
fltkd.lib(Fl_Button.obj) : warning LNK4099: "fltk.pdb" PDB не найден с "fltkd.lib(Fl_Button.obj)" или на "C:\Users\wLr\Documents\Visual Studio 2015\Projects\13\ex\7\RGB\Debug\fltk.pdb"; компоновка объекта выполняется как при отсутствии отладочных данных
fltkd.lib(fl_call_main.obj) : warning LNK4099: "fltk.pdb" PDB не найден с "fltkd.lib(fl_call_main.obj)" или на "C:\Users\wLr\Documents\Visual Studio 2015\Projects\13\ex\7\RGB\Debug\fltk.pdb"; компоновка объекта выполняется как при отсутствии отладочных данных
fltkd.lib(fl_color.obj) : warning LNK4099: "fltk.pdb" PDB не найден с "fltkd.lib(fl_color.obj)" или на "C:\Users\wLr\Documents\Visual Studio 2015\Projects\13\ex\7\RGB\Debug\fltk.pdb"; компоновка объекта выполняется как при отсутствии отладочных данных
fltkd.lib(Fl_compose.obj) : warning LNK4099: "fltk.pdb" PDB не найден с "fltkd.lib(Fl_compose.obj)" или на "C:\Users\wLr\Documents\Visual Studio 2015\Projects\13\ex\7\RGB\Debug\fltk.pdb"; компоновка объекта выполняется как при отсутствии отладочных данных
fltkd.lib(fl_cursor.obj) : warning LNK4099: "fltk.pdb" PDB не найден с "fltkd.lib(fl_cursor.obj)" или на "C:\Users\wLr\Documents\Visual Studio 2015\Projects\13\ex\7\RGB\Debug\fltk.pdb"; компоновка объекта выполняется как при отсутствии отладочных данных
fltkd.lib(fl_curve.obj) : warning LNK4099: "fltk.pdb" PDB не найден с "fltkd.lib(fl_curve.obj)" или на "C:\Users\wLr\Documents\Visual Studio 2015\Projects\13\ex\7\RGB\Debug\fltk.pdb"; компоновка объекта выполняется как при отсутствии отладочных данных
fltkd.lib(Fl_Device.obj) : warning LNK4099: "fltk.pdb" PDB не найден с "fltkd.lib(Fl_Device.obj)" или на "C:\Users\wLr\Documents\Visual Studio 2015\Projects\13\ex\7\RGB\Debug\fltk.pdb"; компоновка объекта выполняется как при отсутствии отладочных данных
fltkd.lib(fl_dnd.obj) : warning LNK4099: "fltk.pdb" PDB не найден с "fltkd.lib(fl_dnd.obj)" или на "C:\Users\wLr\Documents\Visual Studio 2015\Projects\13\ex\7\RGB\Debug\fltk.pdb"; компоновка объекта выполняется как при отсутствии отладочных данных
fltkd.lib(Fl_Double_Window.obj) : warning LNK4099: "fltk.pdb" PDB не найден с "fltkd.lib(Fl_Double_Window.obj)" или на "C:\Users\wLr\Documents\Visual Studio 2015\Projects\13\ex\7\RGB\Debug\fltk.pdb"; компоновка объекта выполняется как при отсутствии отладочных данных
fltkd.lib(fl_draw.obj) : warning LNK4099: "fltk.pdb" PDB не найден с "fltkd.lib(fl_draw.obj)" или на "C:\Users\wLr\Documents\Visual Studio 2015\Projects\13\ex\7\RGB\Debug\fltk.pdb"; компоновка объекта выполняется как при отсутствии отладочных данных
fltkd.lib(fl_draw_image.obj) : warning LNK4099: "fltk.pdb" PDB не найден с "fltkd.lib(fl_draw_image.obj)" или на "C:\Users\wLr\Documents\Visual Studio 2015\Projects\13\ex\7\RGB\Debug\fltk.pdb"; компоновка объекта выполняется как при отсутствии отладочных данных
fltkd.lib(fl_draw_pixmap.obj) : warning LNK4099: "fltk.pdb" PDB не найден с "fltkd.lib(fl_draw_pixmap.obj)" или на "C:\Users\wLr\Documents\Visual Studio 2015\Projects\13\ex\7\RGB\Debug\fltk.pdb"; компоновка объекта выполняется как при отсутствии отладочных данных
fltkd.lib(fl_font.obj) : warning LNK4099: "fltk.pdb" PDB не найден с "fltkd.lib(fl_font.obj)" или на "C:\Users\wLr\Documents\Visual Studio 2015\Projects\13\ex\7\RGB\Debug\fltk.pdb"; компоновка объекта выполняется как при отсутствии отладочных данных
fltkd.lib(Fl_get_system_colors.obj) : warning LNK4099: "fltk.pdb" PDB не найден с "fltkd.lib(Fl_get_system_colors.obj)" или на "C:\Users\wLr\Documents\Visual Studio 2015\Projects\13\ex\7\RGB\Debug\fltk.pdb"; компоновка объекта выполняется как при отсутствии отладочных данных
fltkd.lib(Fl_grab.obj) : warning LNK4099: "fltk.pdb" PDB не найден с "fltkd.lib(Fl_grab.obj)" или на "C:\Users\wLr\Documents\Visual Studio 2015\Projects\13\ex\7\RGB\Debug\fltk.pdb"; компоновка объекта выполняется как при отсутствии отладочных данных
fltkd.lib(Fl_Group.obj) : warning LNK4099: "fltk.pdb" PDB не найден с "fltkd.lib(Fl_Group.obj)" или на "C:\Users\wLr\Documents\Visual Studio 2015\Projects\13\ex\7\RGB\Debug\fltk.pdb"; компоновка объекта выполняется как при отсутствии отладочных данных
fltkd.lib(fl_gtk.obj) : warning LNK4099: "fltk.pdb" PDB не найден с "fltkd.lib(fl_gtk.obj)" или на "C:\Users\wLr\Documents\Visual Studio 2015\Projects\13\ex\7\RGB\Debug\fltk.pdb"; компоновка объекта выполняется как при отсутствии отладочных данных
fltkd.lib(fl_gleam.obj) : warning LNK4099: "fltk.pdb" PDB не найден с "fltkd.lib(fl_gleam.obj)" или на "C:\Users\wLr\Documents\Visual Studio 2015\Projects\13\ex\7\RGB\Debug\fltk.pdb"; компоновка объекта выполняется как при отсутствии отладочных данных
fltkd.lib(Fl_Image.obj) : warning LNK4099: "fltk.pdb" PDB не найден с "fltkd.lib(Fl_Image.obj)" или на "C:\Users\wLr\Documents\Visual Studio 2015\Projects\13\ex\7\RGB\Debug\fltk.pdb"; компоновка объекта выполняется как при отсутствии отладочных данных
fltkd.lib(Fl_Input.obj) : warning LNK4099: "fltk.pdb" PDB не найден с "fltkd.lib(Fl_Input.obj)" или на "C:\Users\wLr\Documents\Visual Studio 2015\Projects\13\ex\7\RGB\Debug\fltk.pdb"; компоновка объекта выполняется как при отсутствии отладочных данных
fltkd.lib(Fl_Input_.obj) : warning LNK4099: "fltk.pdb" PDB не найден с "fltkd.lib(Fl_Input_.obj)" или на "C:\Users\wLr\Documents\Visual Studio 2015\Projects\13\ex\7\RGB\Debug\fltk.pdb"; компоновка объекта выполняется как при отсутствии отладочных данных
fltkd.lib(fl_labeltype.obj) : warning LNK4099: "fltk.pdb" PDB не найден с "fltkd.lib(fl_labeltype.obj)" или на "C:\Users\wLr\Documents\Visual Studio 2015\Projects\13\ex\7\RGB\Debug\fltk.pdb"; компоновка объекта выполняется как при отсутствии отладочных данных
fltkd.lib(fl_line_style.obj) : warning LNK4099: "fltk.pdb" PDB не найден с "fltkd.lib(fl_line_style.obj)" или на "C:\Users\wLr\Documents\Visual Studio 2015\Projects\13\ex\7\RGB\Debug\fltk.pdb"; компоновка объекта выполняется как при отсутствии отладочных данных
fltkd.lib(Fl_lock.obj) : warning LNK4099: "fltk.pdb" PDB не найден с "fltkd.lib(Fl_lock.obj)" или на "C:\Users\wLr\Documents\Visual Studio 2015\Projects\13\ex\7\RGB\Debug\fltk.pdb"; компоновка объекта выполняется как при отсутствии отладочных данных
fltkd.lib(Fl_Menu.obj) : warning LNK4099: "fltk.pdb" PDB не найден с "fltkd.lib(Fl_Menu.obj)" или на "C:\Users\wLr\Documents\Visual Studio 2015\Projects\13\ex\7\RGB\Debug\fltk.pdb"; компоновка объекта выполняется как при отсутствии отладочных данных
fltkd.lib(Fl_Menu_.obj) : warning LNK4099: "fltk.pdb" PDB не найден с "fltkd.lib(Fl_Menu_.obj)" или на "C:\Users\wLr\Documents\Visual Studio 2015\Projects\13\ex\7\RGB\Debug\fltk.pdb"; компоновка объекта выполняется как при отсутствии отладочных данных
fltkd.lib(Fl_Menu_add.obj) : warning LNK4099: "fltk.pdb" PDB не найден с "fltkd.lib(Fl_Menu_add.obj)" или на "C:\Users\wLr\Documents\Visual Studio 2015\Projects\13\ex\7\RGB\Debug\fltk.pdb"; компоновка объекта выполняется как при отсутствии отладочных данных
fltkd.lib(Fl_Menu_Button.obj) : warning LNK4099: "fltk.pdb" PDB не найден с "fltkd.lib(Fl_Menu_Button.obj)" или на "C:\Users\wLr\Documents\Visual Studio 2015\Projects\13\ex\7\RGB\Debug\fltk.pdb"; компоновка объекта выполняется как при отсутствии отладочных данных
fltkd.lib(Fl_Menu_Window.obj) : warning LNK4099: "fltk.pdb" PDB не найден с "fltkd.lib(Fl_Menu_Window.obj)" или на "C:\Users\wLr\Documents\Visual Studio 2015\Projects\13\ex\7\RGB\Debug\fltk.pdb"; компоновка объекта выполняется как при отсутствии отладочных данных
fltkd.lib(Fl_Overlay_Window.obj) : warning LNK4099: "fltk.pdb" PDB не найден с "fltkd.lib(Fl_Overlay_Window.obj)" или на "C:\Users\wLr\Documents\Visual Studio 2015\Projects\13\ex\7\RGB\Debug\fltk.pdb"; компоновка объекта выполняется как при отсутствии отладочных данных
fltkd.lib(Fl_Pixmap.obj) : warning LNK4099: "fltk.pdb" PDB не найден с "fltkd.lib(Fl_Pixmap.obj)" или на "C:\Users\wLr\Documents\Visual Studio 2015\Projects\13\ex\7\RGB\Debug\fltk.pdb"; компоновка объекта выполняется как при отсутствии отладочных данных
fltkd.lib(fl_plastic.obj) : warning LNK4099: "fltk.pdb" PDB не найден с "fltkd.lib(fl_plastic.obj)" или на "C:\Users\wLr\Documents\Visual Studio 2015\Projects\13\ex\7\RGB\Debug\fltk.pdb"; компоновка объекта выполняется как при отсутствии отладочных данных
fltkd.lib(Fl_Preferences.obj) : warning LNK4099: "fltk.pdb" PDB не найден с "fltkd.lib(Fl_Preferences.obj)" или на "C:\Users\wLr\Documents\Visual Studio 2015\Projects\13\ex\7\RGB\Debug\fltk.pdb"; компоновка объекта выполняется как при отсутствии отладочных данных
fltkd.lib(fl_read_image.obj) : warning LNK4099: "fltk.pdb" PDB не найден с "fltkd.lib(fl_read_image.obj)" или на "C:\Users\wLr\Documents\Visual Studio 2015\Projects\13\ex\7\RGB\Debug\fltk.pdb"; компоновка объекта выполняется как при отсутствии отладочных данных
fltkd.lib(fl_rect.obj) : warning LNK4099: "fltk.pdb" PDB не найден с "fltkd.lib(fl_rect.obj)" или на "C:\Users\wLr\Documents\Visual Studio 2015\Projects\13\ex\7\RGB\Debug\fltk.pdb"; компоновка объекта выполняется как при отсутствии отладочных данных
fltkd.lib(Fl_Repeat_Button.obj) : warning LNK4099: "fltk.pdb" PDB не найден с "fltkd.lib(Fl_Repeat_Button.obj)" или на "C:\Users\wLr\Documents\Visual Studio 2015\Projects\13\ex\7\RGB\Debug\fltk.pdb"; компоновка объекта выполняется как при отсутствии отладочных данных
fltkd.lib(Fl_Return_Button.obj) : warning LNK4099: "fltk.pdb" PDB не найден с "fltkd.lib(Fl_Return_Button.obj)" или на "C:\Users\wLr\Documents\Visual Studio 2015\Projects\13\ex\7\RGB\Debug\fltk.pdb"; компоновка объекта выполняется как при отсутствии отладочных данных
fltkd.lib(fl_round_box.obj) : warning LNK4099: "fltk.pdb" PDB не найден с "fltkd.lib(fl_round_box.obj)" или на "C:\Users\wLr\Documents\Visual Studio 2015\Projects\13\ex\7\RGB\Debug\fltk.pdb"; компоновка объекта выполняется как при отсутствии отладочных данных
fltkd.lib(Fl_Shared_Image.obj) : warning LNK4099: "fltk.pdb" PDB не найден с "fltkd.lib(Fl_Shared_Image.obj)" или на "C:\Users\wLr\Documents\Visual Studio 2015\Projects\13\ex\7\RGB\Debug\fltk.pdb"; компоновка объекта выполняется как при отсутствии отладочных данных
fltkd.lib(fl_shortcut.obj) : warning LNK4099: "fltk.pdb" PDB не найден с "fltkd.lib(fl_shortcut.obj)" или на "C:\Users\wLr\Documents\Visual Studio 2015\Projects\13\ex\7\RGB\Debug\fltk.pdb"; компоновка объекта выполняется как при отсутствии отладочных данных
fltkd.lib(Fl_Single_Window.obj) : warning LNK4099: "fltk.pdb" PDB не найден с "fltkd.lib(Fl_Single_Window.obj)" или на "C:\Users\wLr\Documents\Visual Studio 2015\Projects\13\ex\7\RGB\Debug\fltk.pdb"; компоновка объекта выполняется как при отсутствии отладочных данных
fltkd.lib(fl_symbols.obj) : warning LNK4099: "fltk.pdb" PDB не найден с "fltkd.lib(fl_symbols.obj)" или на "C:\Users\wLr\Documents\Visual Studio 2015\Projects\13\ex\7\RGB\Debug\fltk.pdb"; компоновка объекта выполняется как при отсутствии отладочных данных
fltkd.lib(Fl_Tiled_Image.obj) : warning LNK4099: "fltk.pdb" PDB не найден с "fltkd.lib(Fl_Tiled_Image.obj)" или на "C:\Users\wLr\Documents\Visual Studio 2015\Projects\13\ex\7\RGB\Debug\fltk.pdb"; компоновка объекта выполняется как при отсутствии отладочных данных
fltkd.lib(Fl_Tooltip.obj) : warning LNK4099: "fltk.pdb" PDB не найден с "fltkd.lib(Fl_Tooltip.obj)" или на "C:\Users\wLr\Documents\Visual Studio 2015\Projects\13\ex\7\RGB\Debug\fltk.pdb"; компоновка объекта выполняется как при отсутствии отладочных данных
fltkd.lib(fl_utf.obj) : warning LNK4099: "fltk.pdb" PDB не найден с "fltkd.lib(fl_utf.obj)" или на "C:\Users\wLr\Documents\Visual Studio 2015\Projects\13\ex\7\RGB\Debug\fltk.pdb"; компоновка объекта выполняется как при отсутствии отладочных данных
fltkd.lib(fl_utf8.obj) : warning LNK4099: "fltk.pdb" PDB не найден с "fltkd.lib(fl_utf8.obj)" или на "C:\Users\wLr\Documents\Visual Studio 2015\Projects\13\ex\7\RGB\Debug\fltk.pdb"; компоновка объекта выполняется как при отсутствии отладочных данных
fltkd.lib(fl_vertex.obj) : warning LNK4099: "fltk.pdb" PDB не найден с "fltkd.lib(fl_vertex.obj)" или на "C:\Users\wLr\Documents\Visual Studio 2015\Projects\13\ex\7\RGB\Debug\fltk.pdb"; компоновка объекта выполняется как при отсутствии отладочных данных
fltkd.lib(Fl_Widget.obj) : warning LNK4099: "fltk.pdb" PDB не найден с "fltkd.lib(Fl_Widget.obj)" или на "C:\Users\wLr\Documents\Visual Studio 2015\Projects\13\ex\7\RGB\Debug\fltk.pdb"; компоновка объекта выполняется как при отсутствии отладочных данных
fltkd.lib(Fl_Window.obj) : warning LNK4099: "fltk.pdb" PDB не найден с "fltkd.lib(Fl_Window.obj)" или на "C:\Users\wLr\Documents\Visual Studio 2015\Projects\13\ex\7\RGB\Debug\fltk.pdb"; компоновка объекта выполняется как при отсутствии отладочных данных
fltkd.lib(Fl_Window_fullscreen.obj) : warning LNK4099: "fltk.pdb" PDB не найден с "fltkd.lib(Fl_Window_fullscreen.obj)" или на "C:\Users\wLr\Documents\Visual Studio 2015\Projects\13\ex\7\RGB\Debug\fltk.pdb"; компоновка объекта выполняется как при отсутствии отладочных данных
fltkd.lib(Fl_Window_hotspot.obj) : warning LNK4099: "fltk.pdb" PDB не найден с "fltkd.lib(Fl_Window_hotspot.obj)" или на "C:\Users\wLr\Documents\Visual Studio 2015\Projects\13\ex\7\RGB\Debug\fltk.pdb"; компоновка объекта выполняется как при отсутствии отладочных данных
fltkd.lib(Fl_Window_shape.obj) : warning LNK4099: "fltk.pdb" PDB не найден с "fltkd.lib(Fl_Window_shape.obj)" или на "C:\Users\wLr\Documents\Visual Studio 2015\Projects\13\ex\7\RGB\Debug\fltk.pdb"; компоновка объекта выполняется как при отсутствии отладочных данных
fltkd.lib(Fl_XBM_Image.obj) : warning LNK4099: "fltk.pdb" PDB не найден с "fltkd.lib(Fl_XBM_Image.obj)" или на "C:\Users\wLr\Documents\Visual Studio 2015\Projects\13\ex\7\RGB\Debug\fltk.pdb"; компоновка объекта выполняется как при отсутствии отладочных данных
fltkd.lib(Fl_XPM_Image.obj) : warning LNK4099: "fltk.pdb" PDB не найден с "fltkd.lib(Fl_XPM_Image.obj)" или на "C:\Users\wLr\Documents\Visual Studio 2015\Projects\13\ex\7\RGB\Debug\fltk.pdb"; компоновка объекта выполняется как при отсутствии отладочных данных
fltkd.lib(flstring.obj) : warning LNK4099: "fltk.pdb" PDB не найден с "fltkd.lib(flstring.obj)" или на "C:\Users\wLr\Documents\Visual Studio 2015\Projects\13\ex\7\RGB\Debug\fltk.pdb"; компоновка объекта выполняется как при отсутствии отладочных данных
fltkd.lib(is_spacing.obj) : warning LNK4099: "fltk.pdb" PDB не найден с "fltkd.lib(is_spacing.obj)" или на "C:\Users\wLr\Documents\Visual Studio 2015\Projects\13\ex\7\RGB\Debug\fltk.pdb"; компоновка объекта выполняется как при отсутствии отладочных данных
fltkd.lib(numericsort.obj) : warning LNK4099: "fltk.pdb" PDB не найден с "fltkd.lib(numericsort.obj)" или на "C:\Users\wLr\Documents\Visual Studio 2015\Projects\13\ex\7\RGB\Debug\fltk.pdb"; компоновка объекта выполняется как при отсутствии отладочных данных
fltkd.lib(scandir.obj) : warning LNK4099: "fltk.pdb" PDB не найден с "fltkd.lib(scandir.obj)" или на "C:\Users\wLr\Documents\Visual Studio 2015\Projects\13\ex\7\RGB\Debug\fltk.pdb"; компоновка объекта выполняется как при отсутствии отладочных данных
fltkd.lib(screen_xywh.obj) : warning LNK4099: "fltk.pdb" PDB не найден с "fltkd.lib(screen_xywh.obj)" или на "C:\Users\wLr\Documents\Visual Studio 2015\Projects\13\ex\7\RGB\Debug\fltk.pdb"; компоновка объекта выполняется как при отсутствии отладочных данных
fltkd.lib(vsnprintf.obj) : warning LNK4099: "fltk.pdb" PDB не найден с "fltkd.lib(vsnprintf.obj)" или на "C:\Users\wLr\Documents\Visual Studio 2015\Projects\13\ex\7\RGB\Debug\fltk.pdb"; компоновка объекта выполняется как при отсутствии отладочных данных
fltkjpegd.lib(jcomapi.obj) : warning LNK4099: "fltkjpeg.pdb" PDB не найден с "fltkjpegd.lib(jcomapi.obj)" или на "C:\Users\wLr\Documents\Visual Studio 2015\Projects\13\ex\7\RGB\Debug\fltkjpeg.pdb"; компоновка объекта выполняется как при отсутствии отладочных данных
fltkjpegd.lib(jaricom.obj) : warning LNK4099: "fltkjpeg.pdb" PDB не найден с "fltkjpegd.lib(jaricom.obj)" или на "C:\Users\wLr\Documents\Visual Studio 2015\Projects\13\ex\7\RGB\Debug\fltkjpeg.pdb"; компоновка объекта выполняется как при отсутствии отладочных данных
fltkjpegd.lib(jdarith.obj) : warning LNK4099: "fltkjpeg.pdb" PDB не найден с "fltkjpegd.lib(jdarith.obj)" или на "C:\Users\wLr\Documents\Visual Studio 2015\Projects\13\ex\7\RGB\Debug\fltkjpeg.pdb"; компоновка объекта выполняется как при отсутствии отладочных данных
fltkjpegd.lib(jdapimin.obj) : warning LNK4099: "fltkjpeg.pdb" PDB не найден с "fltkjpegd.lib(jdapimin.obj)" или на "C:\Users\wLr\Documents\Visual Studio 2015\Projects\13\ex\7\RGB\Debug\fltkjpeg.pdb"; компоновка объекта выполняется как при отсутствии отладочных данных
fltkjpegd.lib(jdapistd.obj) : warning LNK4099: "fltkjpeg.pdb" PDB не найден с "fltkjpegd.lib(jdapistd.obj)" или на "C:\Users\wLr\Documents\Visual Studio 2015\Projects\13\ex\7\RGB\Debug\fltkjpeg.pdb"; компоновка объекта выполняется как при отсутствии отладочных данных
fltkjpegd.lib(jdatasrc.obj) : warning LNK4099: "fltkjpeg.pdb" PDB не найден с "fltkjpegd.lib(jdatasrc.obj)" или на "C:\Users\wLr\Documents\Visual Studio 2015\Projects\13\ex\7\RGB\Debug\fltkjpeg.pdb"; компоновка объекта выполняется как при отсутствии отладочных данных
fltkjpegd.lib(jdcoefct.obj) : warning LNK4099: "fltkjpeg.pdb" PDB не найден с "fltkjpegd.lib(jdcoefct.obj)" или на "C:\Users\wLr\Documents\Visual Studio 2015\Projects\13\ex\7\RGB\Debug\fltkjpeg.pdb"; компоновка объекта выполняется как при отсутствии отладочных данных
fltkjpegd.lib(jdcolor.obj) : warning LNK4099: "fltkjpeg.pdb" PDB не найден с "fltkjpegd.lib(jdcolor.obj)" или на "C:\Users\wLr\Documents\Visual Studio 2015\Projects\13\ex\7\RGB\Debug\fltkjpeg.pdb"; компоновка объекта выполняется как при отсутствии отладочных данных
fltkjpegd.lib(jddctmgr.obj) : warning LNK4099: "fltkjpeg.pdb" PDB не найден с "fltkjpegd.lib(jddctmgr.obj)" или на "C:\Users\wLr\Documents\Visual Studio 2015\Projects\13\ex\7\RGB\Debug\fltkjpeg.pdb"; компоновка объекта выполняется как при отсутствии отладочных данных
fltkjpegd.lib(jdhuff.obj) : warning LNK4099: "fltkjpeg.pdb" PDB не найден с "fltkjpegd.lib(jdhuff.obj)" или на "C:\Users\wLr\Documents\Visual Studio 2015\Projects\13\ex\7\RGB\Debug\fltkjpeg.pdb"; компоновка объекта выполняется как при отсутствии отладочных данных
fltkjpegd.lib(jdinput.obj) : warning LNK4099: "fltkjpeg.pdb" PDB не найден с "fltkjpegd.lib(jdinput.obj)" или на "C:\Users\wLr\Documents\Visual Studio 2015\Projects\13\ex\7\RGB\Debug\fltkjpeg.pdb"; компоновка объекта выполняется как при отсутствии отладочных данных
fltkjpegd.lib(jdmainct.obj) : warning LNK4099: "fltkjpeg.pdb" PDB не найден с "fltkjpegd.lib(jdmainct.obj)" или на "C:\Users\wLr\Documents\Visual Studio 2015\Projects\13\ex\7\RGB\Debug\fltkjpeg.pdb"; компоновка объекта выполняется как при отсутствии отладочных данных
fltkjpegd.lib(jdmarker.obj) : warning LNK4099: "fltkjpeg.pdb" PDB не найден с "fltkjpegd.lib(jdmarker.obj)" или на "C:\Users\wLr\Documents\Visual Studio 2015\Projects\13\ex\7\RGB\Debug\fltkjpeg.pdb"; компоновка объекта выполняется как при отсутствии отладочных данных
fltkjpegd.lib(jdmaster.obj) : warning LNK4099: "fltkjpeg.pdb" PDB не найден с "fltkjpegd.lib(jdmaster.obj)" или на "C:\Users\wLr\Documents\Visual Studio 2015\Projects\13\ex\7\RGB\Debug\fltkjpeg.pdb"; компоновка объекта выполняется как при отсутствии отладочных данных
fltkjpegd.lib(jdmerge.obj) : warning LNK4099: "fltkjpeg.pdb" PDB не найден с "fltkjpegd.lib(jdmerge.obj)" или на "C:\Users\wLr\Documents\Visual Studio 2015\Projects\13\ex\7\RGB\Debug\fltkjpeg.pdb"; компоновка объекта выполняется как при отсутствии отладочных данных
fltkjpegd.lib(jdpostct.obj) : warning LNK4099: "fltkjpeg.pdb" PDB не найден с "fltkjpegd.lib(jdpostct.obj)" или на "C:\Users\wLr\Documents\Visual Studio 2015\Projects\13\ex\7\RGB\Debug\fltkjpeg.pdb"; компоновка объекта выполняется как при отсутствии отладочных данных
fltkjpegd.lib(jdsample.obj) : warning LNK4099: "fltkjpeg.pdb" PDB не найден с "fltkjpegd.lib(jdsample.obj)" или на "C:\Users\wLr\Documents\Visual Studio 2015\Projects\13\ex\7\RGB\Debug\fltkjpeg.pdb"; компоновка объекта выполняется как при отсутствии отладочных данных
fltkjpegd.lib(jerror.obj) : warning LNK4099: "fltkjpeg.pdb" PDB не найден с "fltkjpegd.lib(jerror.obj)" или на "C:\Users\wLr\Documents\Visual Studio 2015\Projects\13\ex\7\RGB\Debug\fltkjpeg.pdb"; компоновка объекта выполняется как при отсутствии отладочных данных
fltkjpegd.lib(jidctflt.obj) : warning LNK4099: "fltkjpeg.pdb" PDB не найден с "fltkjpegd.lib(jidctflt.obj)" или на "C:\Users\wLr\Documents\Visual Studio 2015\Projects\13\ex\7\RGB\Debug\fltkjpeg.pdb"; компоновка объекта выполняется как при отсутствии отладочных данных
fltkjpegd.lib(jidctfst.obj) : warning LNK4099: "fltkjpeg.pdb" PDB не найден с "fltkjpegd.lib(jidctfst.obj)" или на "C:\Users\wLr\Documents\Visual Studio 2015\Projects\13\ex\7\RGB\Debug\fltkjpeg.pdb"; компоновка объекта выполняется как при отсутствии отладочных данных
fltkjpegd.lib(jidctint.obj) : warning LNK4099: "fltkjpeg.pdb" PDB не найден с "fltkjpegd.lib(jidctint.obj)" или на "C:\Users\wLr\Documents\Visual Studio 2015\Projects\13\ex\7\RGB\Debug\fltkjpeg.pdb"; компоновка объекта выполняется как при отсутствии отладочных данных
fltkjpegd.lib(jmemmgr.obj) : warning LNK4099: "fltkjpeg.pdb" PDB не найден с "fltkjpegd.lib(jmemmgr.obj)" или на "C:\Users\wLr\Documents\Visual Studio 2015\Projects\13\ex\7\RGB\Debug\fltkjpeg.pdb"; компоновка объекта выполняется как при отсутствии отладочных данных
fltkjpegd.lib(jmemnobs.obj) : warning LNK4099: "fltkjpeg.pdb" PDB не найден с "fltkjpegd.lib(jmemnobs.obj)" или на "C:\Users\wLr\Documents\Visual Studio 2015\Projects\13\ex\7\RGB\Debug\fltkjpeg.pdb"; компоновка объекта выполняется как при отсутствии отладочных данных
fltkjpegd.lib(jquant1.obj) : warning LNK4099: "fltkjpeg.pdb" PDB не найден с "fltkjpegd.lib(jquant1.obj)" или на "C:\Users\wLr\Documents\Visual Studio 2015\Projects\13\ex\7\RGB\Debug\fltkjpeg.pdb"; компоновка объекта выполняется как при отсутствии отладочных данных
fltkjpegd.lib(jquant2.obj) : warning LNK4099: "fltkjpeg.pdb" PDB не найден с "fltkjpegd.lib(jquant2.obj)" или на "C:\Users\wLr\Documents\Visual Studio 2015\Projects\13\ex\7\RGB\Debug\fltkjpeg.pdb"; компоновка объекта выполняется как при отсутствии отладочных данных
fltkjpegd.lib(jutils.obj) : warning LNK4099: "fltkjpeg.pdb" PDB не найден с "fltkjpegd.lib(jutils.obj)" или на "C:\Users\wLr\Documents\Visual Studio 2015\Projects\13\ex\7\RGB\Debug\fltkjpeg.pdb"; компоновка объекта выполняется как при отсутствии отладочных данных
fltkimagesd.lib(Fl_GIF_Image.obj) : warning LNK4099: "fltkimages.pdb" PDB не найден с "fltkimagesd.lib(Fl_GIF_Image.obj)" или на "C:\Users\wLr\Documents\Visual Studio 2015\Projects\13\ex\7\RGB\Debug\fltkimages.pdb"; компоновка объекта выполняется как при отсутствии отладочных данных
fltkimagesd.lib(Fl_JPEG_Image.obj) : warning LNK4099: "fltkimages.pdb" PDB не найден с "fltkimagesd.lib(Fl_JPEG_Image.obj)" или на "C:\Users\wLr\Documents\Visual Studio 2015\Projects\13\ex\7\RGB\Debug\fltkimages.pdb"; компоновка объекта выполняется как при отсутствии отладочных данных
  RGB.vcxproj -> C:\Users\wLr\Documents\Visual Studio 2015\Projects\13\ex\7\RGB\Debug\RGB.exe
  RGB.vcxproj -> C:\Users\wLr\Documents\Visual Studio 2015\Projects\13\ex\7\RGB\Debug\RGB.pdb (Full PDB)
