  Source.cpp
d:\ms vs\vc\include\gui.h(105): warning C4018: <: несоответствие типов со знаком и без знака
d:\ms vs\vc\include\gui.h(110): warning C4018: <: несоответствие типов со знаком и без знака
d:\ms vs\vc\include\gui.h(115): warning C4018: <: несоответствие типов со знаком и без знака
c:\users\wlr\documents\visual studio 2015\projects\12\ex\11-right\win32project1\win32project1\source.cpp(14): warning C4244: =: преобразование "double" в "int", возможна потеря данных
c:\users\wlr\documents\visual studio 2015\projects\12\ex\11-right\win32project1\win32project1\source.cpp(15): warning C4244: =: преобразование "double" в "int", возможна потеря данных
c:\users\wlr\documents\visual studio 2015\projects\12\ex\11-right\win32project1\win32project1\source.cpp(18): warning C4244: =: преобразование "double" в "int", возможна потеря данных
c:\users\wlr\documents\visual studio 2015\projects\12\ex\11-right\win32project1\win32project1\source.cpp(19): warning C4244: =: преобразование "double" в "int", возможна потеря данных
c:\users\wlr\documents\visual studio 2015\projects\12\ex\11-right\win32project1\win32project1\source.cpp(31): warning C4244: =: преобразование "double" в "int", возможна потеря данных
c:\users\wlr\documents\visual studio 2015\projects\12\ex\11-right\win32project1\win32project1\source.cpp(32): warning C4244: =: преобразование "double" в "int", возможна потеря данных
c:\users\wlr\documents\visual studio 2015\projects\12\ex\11-right\win32project1\win32project1\source.cpp(35): warning C4244: =: преобразование "double" в "int", возможна потеря данных
c:\users\wlr\documents\visual studio 2015\projects\12\ex\11-right\win32project1\win32project1\source.cpp(36): warning C4244: =: преобразование "double" в "int", возможна потеря данных
c:\users\wlr\documents\visual studio 2015\projects\12\ex\11-right\win32project1\win32project1\source.cpp(40): warning C4244: =: преобразование "double" в "int", возможна потеря данных
c:\users\wlr\documents\visual studio 2015\projects\12\ex\11-right\win32project1\win32project1\source.cpp(41): warning C4244: =: преобразование "double" в "int", возможна потеря данных
c:\users\wlr\documents\visual studio 2015\projects\12\ex\11-right\win32project1\win32project1\source.cpp(55): warning C4244: =: преобразование "double" в "int", возможна потеря данных
c:\users\wlr\documents\visual studio 2015\projects\12\ex\11-right\win32project1\win32project1\source.cpp(56): warning C4244: =: преобразование "double" в "int", возможна потеря данных
c:\users\wlr\documents\visual studio 2015\projects\12\ex\11-right\win32project1\win32project1\source.cpp(60): warning C4244: =: преобразование "double" в "int", возможна потеря данных
c:\users\wlr\documents\visual studio 2015\projects\12\ex\11-right\win32project1\win32project1\source.cpp(61): warning C4244: =: преобразование "double" в "int", возможна потеря данных
c:\users\wlr\documents\visual studio 2015\projects\12\ex\11-right\win32project1\win32project1\source.cpp(65): warning C4244: =: преобразование "double" в "int", возможна потеря данных
c:\users\wlr\documents\visual studio 2015\projects\12\ex\11-right\win32project1\win32project1\source.cpp(66): warning C4244: =: преобразование "double" в "int", возможна потеря данных
  Win32Project1.vcxproj -> C:\Users\wLr\documents\visual studio 2015\Projects\12\ex\11-right\Win32Project1\Debug\Win32Project1.exe
  Win32Project1.vcxproj -> C:\Users\wLr\documents\visual studio 2015\Projects\12\ex\11-right\Win32Project1\Debug\Win32Project1.pdb (Full PDB)
